### ISSUE TITLE
SIGSEGV in ff_yuva_420_bgr32_ssse3

### ISSUE THREAD

**Issue by inferrna** [RPCS3/rpcs3#16759]
### Quick summary

v0.0.34 compiled with gcc in debug mode running Resistance from gdb console

### Details

```cpp
Thread 179 "PPU[0x100001b] " received signal SIGSEGV, Segmentation fault.
[Switching to Thread 0x7ffea9a666c0 (LWP 183962)]
0x0000000001ea3820 in ff_yuva_420_bgr32_ssse3 ()
(gdb) bt
#0  0x0000000001ea3820 in ff_yuva_420_bgr32_ssse3 ()
#1  0x0000000001ea20ae in yuva420_bgr32_ssse3
    (c=0x7ffeec0c53c0, src=0x7ffea9a61f70, srcStride=0x7ffea9a61f50, srcSliceY=0, srcSliceH=720, dst=0x7ffea9a61f90, dstStride=0x7ffea9a61f60)
    at src/libswscale/x86/yuv2rgb_template.c:162
#2  0x0000000001e62adf in scale_internal
    (c=<optimized out>, srcSlice=<optimized out>, srcStride=<optimized out>, srcSliceY=<optimized out>, srcSliceH=<optimized out>, dstSlice=<optimized out>, dstStride=0x7ffea9a620b0, dstSliceY=0, dstSliceH=720) at src/libswscale/swscale.c:1038
#3  0x0000000001e644f9 in sws_scale
    (c=<optimized out>, srcSlice=<optimized out>, srcStride=<optimized out>, srcSliceY=<optimized out>, srcSliceH=<optimized out>, dst=<optimized out>, dstStride=0x7ffea9a620b0) at src/libswscale/swscale.c:1210
#4  0x0000000001138a6a in cellVdecGetPictureExt (ppu=..., handle=handle@entry=4026531840, format=..., format@entry=..., outBuff=..., 
    outBuff@entry=..., arg4=<optimized out>, arg4@entry=0) at /media/Data/UnClear/rpcs3/rpcs3/Emu/Cell/Modules/cellVdec.cpp:1324
#5  0x0000000001139062 in cellVdecGetPicture (ppu=..., handle=4026531840, format=..., outBuff=...) at /media/Data/UnClear/rpcs3/rpcs3/Emu/Cell/../Memory/vm_ptr.h:36
#6  0x0000000001139110 in ppu_func_detail::call<4u, 256u, 512u, 768u, error_code, ppu_thread&, unsigned int, vm::_ptr_base<CellVdecPicFormat const, unsigned int>, vm::_ptr_base<unsigned char, unsigned int> >
    (ppu=..., func=0x1138f80 <cellVdecGetPicture(ppu_thread&, unsigned int, vm::_ptr_base<CellVdecPicFormat const, unsigned int>, vm::_ptr_base<unsigned char, unsigned int>)>) at /media/Data/UnClear/rpcs3/rpcs3/Emu/Cell/PPUThread.h:401
#7  ppu_func_detail::call<vm::_ptr_base<unsigned char, unsigned int>, , 4u, 256u, 512u, error_code, ppu_thread&, unsigned int, vm::_ptr_base<CellVdecPicFormat const, unsigned int>, vm::_ptr_base<unsigned char, unsigned int> >(ppu_thread&, error_code (*)(ppu_thread&, unsigned int, vm::_ptr_base<CellVdecPicFormat const, unsigned int>, vm::_ptr_base<unsigned char, unsigned int>), ppu_func_detail::arg_info_pack_t<4u, 256u, 512u>)
    (ppu=..., func=0x1138f80 <cellVdecGetPicture(ppu_thread&, unsigned int, vm::_ptr_base<CellVdecPicFormat const, unsigned int>, vm::_ptr_base<unsigned char, unsigned int>)>, info=...) at /media/Data/UnClear/rpcs3/rpcs3/Emu/Cell/PPUFunction.h:213
#8  ppu_func_detail::call<vm::_ptr_base<CellVdecPicFormat const, unsigned int>, vm::_ptr_base<unsigned char, unsigned int>, 4u, 256u, error_code, ppu_thread&, unsigned int, vm::_ptr_base<CellVdecPicFormat const, unsigned int>, vm::_ptr_base<unsigned char, unsigned int> >
    (ppu=..., func=0x1138f80 <cellVdecGetPicture(ppu_thread&, unsigned int, vm::_ptr_base<CellVdecPicFormat const, unsigned int>, vm::_ptr_base<unsigned char, unsigned int>)>, info=...) at /media/Data/UnClear/rpcs3/rpcs3/Emu/Cell/PPUFunction.h:213
#9  ppu_func_detail::call<unsigned int, vm::_ptr_base<CellVdecPicFormat const, unsigned int>, vm::_ptr_base<unsigned char, unsigned int>, 4u, error_code, ppu_thread&, unsigned int, vm::_ptr_base<CellVdecPicFormat const, unsigned int>, vm::_ptr_base<unsigned char, unsigned int> >
    (ppu=..., func=0x1138f80 <cellVdecGetPicture(ppu_thread&, unsigned int, vm::_ptr_base<CellVdecPicFormat const, unsigned int>, vm::_ptr_base<unsigned char, unsigned int>)>, info=...) at /media/Data/UnClear/rpcs3/rpcs3/Emu/Cell/PPUFunction.h:213
#10 ppu_func_detail::call<ppu_thread&, unsigned int, vm::_ptr_base<CellVdecPicFormat const, unsigned int>, vm::_ptr_base<unsigned char, unsigned int>, , error_code, ppu_thread&, unsigned int, vm::_ptr_base<CellVdecPicFormat const, unsigned int>, vm::_ptr_base<unsigned char, unsigned int> >(ppu_thread&, error_code (*)(ppu_thread&, unsigned int, vm::_ptr_base<CellVdecPicFormat const, unsigned int>, vm::_ptr_base<unsigned char, unsigned int>), ppu_func_detail::arg_info_pack_t<>)
    (ppu=..., func=0x1138f80 <cellVdecGetPicture(ppu_thread&, unsigned int, vm::_ptr_base<CellVdecPicFormat const, unsigned int>, vm::_ptr_base<unsigned char, unsigned int>)>, info=...) at /media/Data/UnClear/rpcs3/rpcs3/Emu/Cell/PPUFunction.h:213
#11 ppu_func_detail::func_binder<error_code, ppu_thread&, unsigned int, vm::_ptr_base<CellVdecPicFormat const, unsigned int>, vm::_ptr_base<unsigned char, unsigned int> >::do_call
    (ppu=..., func=0x1138f80 <cellVdecGetPicture(ppu_thread&, unsigned int, vm::_ptr_base<CellVdecPicFormat const, unsigned int>, vm::_ptr_base<unsigned char, unsigned int>)>) at /media/Data/UnClear/rpcs3/rpcs3/Emu/Cell/PPUFunction.h:246
#12 ppu_func_detail::do_call<error_code, ppu_thread&, unsigned int, vm::_ptr_base<CellVdecPicFormat const, unsigned int>, vm::_ptr_base<unsigned char, unsigned int> > (ppu=..., func=0x1138f80 <cellVdecGetPicture(ppu_thread&, unsigned int, vm::_ptr_base<CellVdecPicFormat const, unsigned int>, vm::_ptr_base<unsigned char, unsigned int>)>) at /media/Data/UnClear/rpcs3/rpcs3/Emu/Cell/PPUFunction.h:253
#13 operator() (__closure=0x0, ppu=..., this_op=<optimized out>) at /media/Data/UnClear/rpcs3/rpcs3/Emu/Cell/Modules/cellVdec.cpp:1708
#14 _FUN () at /media/Data/UnClear/rpcs3/rpcs3/Emu/Cell/Modules/cellVdec.cpp:1708
#15 0x00000000060008d6 in ??? ()
#16 0x0000000000000000 in ??? ()
(gdb) info locals
No symbol table info available.
(gdb) info args
No symbol table info available.
(gdb) info r
rax            0x7ffeec535730      140732863305520
rbx            0x1                 1
rcx            0x7ffeec48ab80      140732862606208
rdx            0x7ffeec451080      140732862369920
rsi            0x3500f6980         14228089216
rdi            0xfffffffffffffd80  -640
rbp            0xfffffffffffffb00  0xfffffffffffffb00
rsp            0x7ffea9a61d88      0x7ffea9a61d88
r8             0x7ffeec0cf140      140732858691904
r9             0x7ffeec36a880      140732861425792
r10            0x7ffeec0c53c0      140732858651584
r11            0x7ffeec535730      140732863305520
r12            0x7ffeec0cf140      140732858691904
r13            0x7ffea9a61f50      140731744657232
r14            0xfffffffffffffd80  -640
r15            0x7ffea9a61f70      140731744657264
rip            0x1ea3820           0x1ea3820 <ff_yuva_420_bgr32_ssse3+304>
eflags         0x10202             [ IF RF ]
cs             0x33                51
ss             0x2b                43
ds             0x0                 0
es             0x0                 0
fs             0x0                 0
gs             0x0                 0
fs_base        0x7ffea9a666c0      140731744675520
gs_base        0x0                 0
(gdb) display/4i $pc
1: x/4i $pc
=> 0x1ea3820 <ff_yuva_420_bgr32_ssse3+304>:	movdqu %xmm1,(%rsi)
   0x1ea3824 <ff_yuva_420_bgr32_ssse3+308>:	movdqu %xmm2,0x10(%rsi)
   0x1ea3829 <ff_yuva_420_bgr32_ssse3+313>:	movdqu %xmm5,0x20(%rsi)
   0x1ea382e <ff_yuva_420_bgr32_ssse3+318>:	movdqu %xmm3,0x30(%rsi)
(gdb) disassemble /m
Dump of assembler code for function ff_yuva_420_bgr32_ssse3:
   0x0000000001ea36f0 <+0>:	mov    0x8(%rsp),%rax
   0x0000000001ea36f5 <+5>:	movslq %edi,%rdi
   0x0000000001ea36f8 <+8>:	movddup 0x40(%r8),%xmm8
   0x0000000001ea36fe <+14>:	movddup 0x48(%r8),%xmm9
   0x0000000001ea3704 <+20>:	movddup 0x50(%r8),%xmm10
   0x0000000001ea370a <+26>:	movddup 0x38(%r8),%xmm11
   0x0000000001ea3710 <+32>:	movddup 0x30(%r8),%xmm12
   0x0000000001ea3716 <+38>:	movddup 0x18(%r8),%xmm13
   0x0000000001ea371c <+44>:	movddup 0x28(%r8),%xmm14
   0x0000000001ea3722 <+50>:	movddup 0x20(%r8),%xmm15
   0x0000000001ea3728 <+56>:	movdqu (%r9,%rdi,2),%xmm6
   0x0000000001ea372e <+62>:	movq   (%rdx,%rdi,1),%xmm0
   0x0000000001ea3733 <+67>:	movq   (%rcx,%rdi,1),%xmm1
   0x0000000001ea3738 <+72>:	pxor   %xmm4,%xmm4
   0x0000000001ea373c <+76>:	movdqa %xmm6,%xmm7
   0x0000000001ea3740 <+80>:	punpcklbw %xmm4,%xmm0
   0x0000000001ea3744 <+84>:	punpcklbw %xmm4,%xmm1
   0x0000000001ea3748 <+88>:	movdqa -0x187ad30(%rip),%xmm2        # 0x628a20
   0x0000000001ea3750 <+96>:	pand   %xmm2,%xmm6
   0x0000000001ea3754 <+100>:	psrlw  $0x8,%xmm7
   0x0000000001ea3759 <+105>:	psllw  $0x3,%xmm0
   0x0000000001ea375e <+110>:	psllw  $0x3,%xmm1
   0x0000000001ea3763 <+115>:	psllw  $0x3,%xmm6
   0x0000000001ea3768 <+120>:	psllw  $0x3,%xmm7
   0x0000000001ea376d <+125>:	psubsw %xmm9,%xmm0
   0x0000000001ea3772 <+130>:	psubsw %xmm10,%xmm1
   0x0000000001ea3777 <+135>:	psubw  %xmm8,%xmm6
   0x0000000001ea377c <+140>:	psubw  %xmm8,%xmm7
   0x0000000001ea3781 <+145>:	movdqa %xmm0,%xmm2
   0x0000000001ea3785 <+149>:	movdqa %xmm1,%xmm3
   0x0000000001ea3789 <+153>:	pmulhw %xmm11,%xmm2
   0x0000000001ea378e <+158>:	pmulhw %xmm12,%xmm3
   0x0000000001ea3793 <+163>:	pmulhw %xmm13,%xmm6
   0x0000000001ea3798 <+168>:	pmulhw %xmm13,%xmm7
   0x0000000001ea379d <+173>:	pmulhw %xmm14,%xmm0
   0x0000000001ea37a2 <+178>:	pmulhw %xmm15,%xmm1
   0x0000000001ea37a7 <+183>:	paddsw %xmm3,%xmm2
   0x0000000001ea37ab <+187>:	movdqa %xmm7,%xmm3
   0x0000000001ea37af <+191>:	movdqa %xmm7,%xmm5
   0x0000000001ea37b3 <+195>:	paddsw %xmm0,%xmm3
   0x0000000001ea37b7 <+199>:	paddsw %xmm1,%xmm5
   0x0000000001ea37bb <+203>:	paddsw %xmm2,%xmm7
   0x0000000001ea37bf <+207>:	paddsw %xmm6,%xmm0
   0x0000000001ea37c3 <+211>:	paddsw %xmm6,%xmm1
   0x0000000001ea37c7 <+215>:	paddsw %xmm6,%xmm2
   0x0000000001ea37cb <+219>:	packuswb %xmm1,%xmm0
   0x0000000001ea37cf <+223>:	packuswb %xmm5,%xmm3
   0x0000000001ea37d3 <+227>:	packuswb %xmm2,%xmm2
   0x0000000001ea37d7 <+231>:	movdqa %xmm0,%xmm1
   0x0000000001ea37db <+235>:	packuswb %xmm7,%xmm7
   0x0000000001ea37df <+239>:	punpcklbw %xmm3,%xmm0
   0x0000000001ea37e3 <+243>:	punpckhbw %xmm3,%xmm1
   0x0000000001ea37e7 <+247>:	punpcklbw %xmm7,%xmm2
   0x0000000001ea37eb <+251>:	movdqu (%rax,%rdi,2),%xmm3
   0x0000000001ea37f0 <+256>:	movdqa %xmm1,%xmm5
   0x0000000001ea37f4 <+260>:	movdqa %xmm0,%xmm6
   0x0000000001ea37f8 <+264>:	punpckhbw %xmm2,%xmm5
   0x0000000001ea37fc <+268>:	punpcklbw %xmm2,%xmm1
   0x0000000001ea3800 <+272>:	punpckhbw %xmm3,%xmm6
   0x0000000001ea3804 <+276>:	punpcklbw %xmm3,%xmm0
   0x0000000001ea3808 <+280>:	movdqa %xmm1,%xmm2
   0x0000000001ea380c <+284>:	movdqa %xmm5,%xmm3
   0x0000000001ea3810 <+288>:	punpcklwd %xmm0,%xmm1
   0x0000000001ea3814 <+292>:	punpckhwd %xmm0,%xmm2
   0x0000000001ea3818 <+296>:	punpcklwd %xmm6,%xmm5
   0x0000000001ea381c <+300>:	punpckhwd %xmm6,%xmm3
=> 0x0000000001ea3820 <+304>:	movdqu %xmm1,(%rsi)
   0x0000000001ea3824 <+308>:	movdqu %xmm2,0x10(%rsi)
   0x0000000001ea3829 <+313>:	movdqu %xmm5,0x20(%rsi)
   0x0000000001ea382e <+318>:	movdqu %xmm3,0x30(%rsi)
   0x0000000001ea3833 <+323>:	add    $0x40,%rsi
   0x0000000001ea3837 <+327>:	add    $0x8,%rdi
   0x0000000001ea383b <+331>:	js     0x1ea3728 <ff_yuva_420_bgr32_ssse3+56>
   0x0000000001ea3841 <+337>:	ret
   0x0000000001ea3842 <+338>:	nop
   0x0000000001ea3843 <+339>:	nop
   0x0000000001ea3844 <+340>:	nop
   0x0000000001ea3845 <+341>:	nop
   0x0000000001ea3846 <+342>:	nop
   0x0000000001ea3847 <+343>:	nop
   0x0000000001ea3848 <+344>:	nop
   0x0000000001ea3849 <+345>:	nop
   0x0000000001ea384a <+346>:	nop
   0x0000000001ea384b <+347>:	nop
   0x0000000001ea384c <+348>:	nop
   0x0000000001ea384d <+349>:	nop
   0x0000000001ea384e <+350>:	nop
   0x0000000001ea384f <+351>:	nop
End of assembler dump.
(gdb) info vector
mxcsr          0x1fbd              [ IE ZE OE UE PE IM DM ZM OM UM PM ]
ymm0           {v16_bfloat16 = {0xff00, 0xff00, 0xff00, 0xff00, 0xff00, 0xff00, 0xff00, 0xff00, 0x0, 0x0, 0x0, 0x0, 0x0, 0x0, 0x0, 0x0}, v16_half = {0xff00, 0xff00, 0xff00, 0xff00, 0xff00, 0xff00, 0xff00, 0xff00, 0x0, 0x0, 0x0, 0x0, 0x0, 0x0, 0x0, 0x0}, v8_float = {0xff00ff00, 0xff00ff00, 0xff00ff00, 0xff00ff00, 0x0, 0x0, 0x0, 0x0}, v4_double = {0xff00ff00ff00ff00, 0xff00ff00ff00ff00, 0x0, 0x0}, v32_int8 = {0x0, 0xff, 0x0, 0xff, 0x0, 0xff, 0x0, 0xff, 0x0, 0xff, 0x0, 0xff, 0x0, 0xff, 0x0, 0xff, 0x0 <repeats 16 times>}, v16_int16 = {0xff00, 0xff00, 0xff00, 0xff00, 0xff00, 0xff00, 0xff00, 0xff00, 0x0, 0x0, 0x0, 0x0, 0x0, 0x0, 0x0, 0x0}, v8_int32 = {0xff00ff00, 0xff00ff00, 0xff00ff00, 0xff00ff00, 0x0, 0x0, 0x0, 0x0}, v4_int64 = {0xff00ff00ff00ff00, 0xff00ff00ff00ff00, 0x0, 0x0}, v2_int128 = {0xff00ff00ff00ff00ff00ff00ff00ff00, 0x0}}
ymm1           {v16_bfloat16 = {0x0, 0xff00, 0x0, 0xff00, 0x0, 0xff00, 0x0, 0xff00, 0x0, 0x0, 0x0, 0x0, 0x0, 0x0, 0x0, 0x0}, v16_half = {0x0, 0xff00, 0x0, 0xff00, 0x0, 0xff00, 0x0, 0xff00, 0x0, 0x0, 0x0, 0x0, 0x0, 0x0, 0x0, 0x0}, v8_float = {0xff000000, 0xff000000, 0xff000000, 0xff000000, 0x0, 0x0, 0x0, 0x0}, v4_double = {0xff000000ff000000, 0xff000000ff000000, 0x0, 0x0}, v32_int8 = {0x0, 0x0, 0x0, 0xff, 0x0, 0x0, 0x0, 0xff, 0x0, 0x0, 0x0, 0xff, 0x0, 0x0, 0x0, 0xff, 0x0 <repeats 16 times>}, v16_int16 = {0x0, 0xff00, 0x0, 0xff00, 0x0, 0xff00, 0x0, 0xff00, 0x0, 0x0, 0x0, 0x0, 0x0, 0x0, 0x0, 0x0}, v8_int32 = {0xff000000, 0xff000000, 0xff000000, 0xff000000, 0x0, 0x0, 0x0, 0x0}, v4_int64 = {0xff000000ff000000, 0xff000000ff000000, 0x0, 0x0}, v2_int128 = {0xff000000ff000000ff000000ff000000, 0x0}}
ymm2           {v16_bfloat16 = {0x0, 0xff00, 0x0, 0xff00, 0x0, 0xff00, 0x0, 0xff00, 0x0, 0x0, 0x0, 0x0, 0x0, 0x0, 0x0, 0x0}, v16_half = {0x0, 0xff00, 0x0, 0xff00, 0x0, 0xff00, 0x0, 0xff00, 0x0, 0x0, 0x0, 0x0, 0x0, 0x0, 0x0, 0x0}, v8_float = {0xff000000, 0xff000000, 0xff000000, 0xff000000, 0x0, 0x0, 0x0, 0x0}, v4_double = {0xff000000ff000000, 0xff000000ff000000, 0x0, 0x0}, v32_int8 = {0x0, 0x0, 0x0, 0xff, 0x0, 0x0, 0x0, 0xff, 0x0, 0x0, 0x0, 0xff, 0x0, 0x0, 0x0, 0xff, 0x0 <repeats 16 times>}, v16_int16 = {0x0, 0xff00, 0x0, 0xff00, 0x0, 0xff00, 0x0, 0xff00, 0x0, 0x0, 0x0, 0x0, 0x0, 0x0, 0x0, 0x0}, v8_int32 = {0xff000000, 0xff000000, 0xff000000, 0xff000000, 0x0, 0x0, 0x0, 0x0}, v4_int64 = {0xff000000ff000000, 0xff000000ff000000, 0x0, 0x0}, v2_int128 = {0xff000000ff000000ff000000ff000000, 0x0}}
ymm3           {v16_bfloat16 = {0x0, 0xff00, 0x0, 0xff00, 0x0, 0xff00, 0x0, 0xff00, 0x0, 0x0, 0x0, 0x0, 0x0, 0x0, 0x0, 0x0}, v16_half = {0x0, 0xff00, 0x0, 0xff00, 0x0, 0xff00, 0x0, 0xff00, 0x0, 0x0, 0x0, 0x0, 0x0, 0x0, 0x0, 0x0}, v8_float = {0xff000000, 0xff000000, 0xff000000, 0xff000000, 0x0, 0x0, 0x0, 0x0}, v4_double = {0xff000000ff000000, 0xff000000ff000000, 0x0, 0x0}, v32_int8 = {0x0, 0x0, 0x0, 0xff, 0x0, 0x0, 0x0, 0xff, 0x0, 0x0, 0x0, 0xff, 0x0, 0x0, 0x0, 0xff, 0x0 <repeats 16 times>}, v16_int16 = {0x0, 0xff00, 0x0, 0xff00, 0x0, 0xff00, 0x0, 0xff00, 0x0, 0x0, 0x0, 0x0, 0x0, 0x0, 0x0, 0x0}, v8_int32 = {0xff000000, 0xff000000, 0xff000000, 0xff000000, 0x0, 0x0, 0x0, 0x0}, v4_int64 = {0xff000000ff000000, 0xff000000ff000000, 0x0, 0x0}, v2_int128 = {0xff000000ff000000ff000000ff000000, 0x0}}
ymm4           {v16_bfloat16 = {0x0 <repeats 16 times>}, v16_half = {0x0 <repeats 16 times>}, v8_float = {0x0, 0x0, 0x0, 0x0, 0x0, 0x0, 0x0, 0x0}, v4_double = {0x0, 0x0, 0x0, 0x0}, v32_int8 = {0x0 <repeats 32 times>}, v16_int16 = {0x0 <repeats 16 times>}, v8_int32 = {0x0, 0x0, 0x0, 0x0, 0x0, 0x0, 0x0, 0x0}, v4_int64 = {0x0, 0x0, 0x0, 0x0}, v2_int128 = {0x0, 0x0}}
ymm5           {v16_bfloat16 = {0x0, 0xff00, 0x0, 0xff00, 0x0, 0xff00, 0x0, 0xff00, 0x0, 0x0, 0x0, 0x0, 0x0, 0x0, 0x0, 0x0}, v16_half = {0x0, 0xff00, 0x0, 0xff00, 0x0, 0xff00, 0x0, 0xff00, 0x0, 0x0, 0x0, 0x0, 0x0, 0x0, 0x0, 0x0}, v8_float = {0xff000000, 0xff000000, 0xff000000, 0xff000000, 0x0, 0x0, 0x0, 0x0}, v4_double = {0xff000000ff000000, 0xff000000ff000000, 0x0, 0x0}, v32_int8 = {0x0, 0x0, 0x0, 0xff, 0x0, 0x0, 0x0, 0xff, 0x0, 0x0, 0x0, 0xff, 0x0, 0x0, 0x0, 0xff, 0x0 <repeats 16 times>}, v16_int16 = {0x0, 0xff00, 0x0, 0xff00, 0x0, 0xff00, 0x0, 0xff00, 0x0, 0x0, 0x0, 0x0, 0x0, 0x0, 0x0, 0x0}, v8_int32 = {0xff000000, 0xff000000, 0xff000000, 0xff000000, 0x0, 0x0, 0x0, 0x0}, v4_int64 = {0xff000000ff000000, 0xff000000ff000000, 0x0, 0x0}, v2_int128 = {0xff000000ff000000ff000000ff000000, 0x0}}
ymm6           {v16_bfloat16 = {0xff00, 0xff00, 0xff00, 0xff00, 0xff00, 0xff00, 0xff00, 0xff00, 0x0, 0x0, 0x0, 0x0, 0x0, 0x0, 0x0, 0x0}, v16_half = {0xff00, 0xff00, 0xff00, 0xff00, 0xff00, 0xff00, 0xff00, 0xff00, 0x0, 0x0, 0x0, 0x0, 0x0, 0x0, 0x0, 0x0}, v8_float = {0xff00ff00, 0xff00ff00, 0xff00ff00, 0xff00ff00, 0x0, 0x0, 0x0, 0x0}, v4_double = {0xff00ff00ff00ff00, 0xff00ff00ff00ff00, 0x0, 0x0}, v32_int8 = {0x0, 0xff, 0x0, 0xff, 0x0, 0xff, 0x0, 0xff, 0x0, 0xff, 0x0, 0xff, 0x0, 0xff, 0x0, 0xff, 0x0 <repeats 16 times>}, v16_int16 = {0xff00, 0xff00, 0xff00, 0xff00, 0xff00, 0xff00, 0xff00, 0xff00, 0x0, 0x0, 0x0, 0x0, 0x0, 0x0, 0x0, 0x0}, v8_int32 = {0xff00ff00, 0xff00ff00, 0xff00ff00, 0xff00ff00, 0x0, 0x0, 0x0, 0x0}, v4_int64 = {0xff00ff00ff00ff00, 0xff00ff00ff00ff00, 0x0, 0x0}, v2_int128 = {0xff00ff00ff00ff00ff00ff00ff00ff00, 0x0}}
ymm7           {v16_bfloat16 = {0x0 <repeats 16 times>}, v16_half = {0x0 <repeats 16 times>}, v8_float = {0x0, 0x0, 0x0, 0x0, 0x0, 0x0, 0x0, 0x0}, v4_double = {0x0, 0x0, 0x0, 0x0}, v32_int8 = {0x0 <repeats 32 times>}, v16_int16 = {0x0 <repeats 16 times>}, v8_int32 = {0x0, 0x0, 0x0, 0x0, 0x0, 0x0, 0x0, 0x0}, v4_int64 = {0x0, 0x0, 0x0, 0x0}, v2_int128 = {0x0, 0x0}}
ymm8           {v16_bfloat16 = {0x80, 0x80, 0x80, 0x80, 0x80, 0x80, 0x80, 0x80, 0x0, 0x0, 0x0, 0x0, 0x0, 0x0, 0x0, 0x0}, v16_half = {0x80, 0x80, 0x80, 0x80, 0x80, 0x80, 0x80, 0x80, 0x0, 0x0, 0x0, 0x0, 0x0, 0x0, 0x0, 0x0}, v8_float = {0x800080, 0x800080, 0x800080, 0x800080, 0x0, 0x0, 0x0, 0x0}, v4_double = {0x80008000800080, 0x80008000800080, 0x0, 0x0}, v32_int8 = {0x80, 0x0, 0x80, 0x0, 0x80, 0x0, 0x80, 0x0, 0x80, 0x0, 0x80, 0x0, 0x80, 0x0, 0x80, 0x0 <repeats 17 times>}, v16_int16 = {0x80, 0x80, 0x80, 0x80, 0x80, 0x80, 0x80, 0x80, 0x0, 0x0, 0x0, 0x0, 0x0, 0x0, 0x0, 0x0}, v8_int32 = {0x800080, 0x800080, 0x800080, 0x800080, 0x0, 0x0, 0x0, 0x0}, v4_int64 = {0x80008000800080, 0x80008000800080, 0x0, 0x0}, v2_int128 = {0x800080008000800080008000800080, 0x0}}
ymm9           {v16_bfloat16 = {0x400, 0x400, 0x400, 0x400, 0x400, 0x400, 0x400, 0x400, 0x0, 0x0, 0x0, 0x0, 0x0, 0x0, 0x0, 0x0}, v16_half = {0x400, 0x400, 0x400, 0x400, 0x400, 0x400, 0x400, 0x400, 0x0, 0x0, 0x0, 0x0, 0x0, 0x0, 0x0, 0x0}, v8_float = {0x4000400, 0x4000400, 0x4000400, 0x4000400, 0x0, 0x0, 0x0, 0x0}, v4_double = {0x400040004000400, 0x400040004000400, 0x0, 0x0}, v32_int8 = {0x0, 0x4, 0x0, 0x4, 0x0, 0x4, 0x0, 0x4, 0x0, 0x4, 0x0, 0x4, 0x0, 0x4, 0x0, 0x4, 0x0 <repeats 16 times>}, v16_int16 = {0x400, 0x400, 0x400, 0x400, 0x400, 0x400, 0x400, 0x400, 0x0, 0x0, 0x0, 0x0, 0x0, 0x0, 0x0, 0x0}, v8_int32 = {0x4000400, 0x4000400, 0x4000400, 0x4000400, 0x0, 0x0, 0x0, 0x0}, v4_int64 = {0x400040004000400, 0x400040004000400, 0x0, 0x0}, v2_int128 = {0x4000400040004000400040004000400, 0x0}}
ymm10          {v16_bfloat16 = {0x400, 0x400, 0x400, 0x400, 0x400, 0x400, 0x400, 0x400, 0x0, 0x0, 0x0, 0x0, 0x0, 0x0, 0x0, 0x0}, v16_half = {0x400, 0x400, 0x400, 0x400, 0x400, 0x400, 0x400, 0x400, 0x0, 0x0, 0x0, 0x0, 0x0, 0x0, 0x0, 0x0}, v8_float = {0x4000400, 0x4000400, 0x4000400, 0x4000400, 0x0, 0x0, 0x0, 0x0}, v4_double = {0x400040004000400, 0x400040004000400, 0x0, 0x0}, v32_int8 = {0x0, 0x4, 0x0, 0x4, 0x0, 0x4, 0x0, 0x4, 0x0, 0x4, 0x0, 0x4, 0x0, 0x4, 0x0, 0x4, 0x0 <repeats 16 times>}, v16_int16 = {0x400, 0x400, 0x400, 0x400, 0x400, 0x400, 0x400, 0x400, 0x0, 0x0, 0x0, 0x0, 0x0, 0x0, 0x0, 0x0}, v8_int32 = {0x4000400, 0x4000400, 0x4000400, 0x4000400, 0x0, 0x0, 0x0, 0x0}, v4_int64 = {0x400040004000400, 0x400040004000400, 0x0, 0x0}, v2_int128 = {0x4000400040004000400040004000400, 0x0}}
ymm11          {v16_bfloat16 = {0xf377, 0xf377, 0xf377, 0xf377, 0xf377, 0xf377, 0xf377, 0xf377, 0x0, 0x0, 0x0, 0x0, 0x0, 0x0, 0x0, 0x0}, v16_half = {0xf377, 0xf377, 0xf377, 0xf377, 0xf377, 0xf377, 0xf377, 0xf377, 0x0, 0x0, 0x0, 0x0, 0x0, 0x0, 0x0, 0x0}, v8_float = {0xf377f377, 0xf377f377, 0xf377f377, 0xf377f377, 0x0, 0x0, 0x0, 0x0}, v4_double = {0xf377f377f377f377, 0xf377f377f377f377, 0x0, 0x0}, v32_int8 = {0x77, 0xf3, 0x77, 0xf3, 0x77, 0xf3, 0x77, 0xf3, 0x77, 0xf3, 0x77, 0xf3, 0x77, 0xf3, 0x77, 0xf3, 0x0 <repeats 16 times>}, v16_int16 = {0xf377, 0xf377, 0xf377, 0xf377, 0xf377, 0xf377, 0xf377, 0xf377, 0x0, 0x0, 0x0, 0x0, 0x0, 0x0, 0x0, 0x0}, v8_int32 = {0xf377f377, 0xf377f377, 0xf377f377, 0xf377f377, 0x0, 0x0, 0x0, 0x0}, v4_int64 = {0xf377f377f377f377, 0xf377f377f377f377, 0x0, 0x0}, v2_int128 = {0xf377f377f377f377f377f377f377f377, 0x0}}
ymm12          {v16_bfloat16 = {0xe5fc, 0xe5fc, 0xe5fc, 0xe5fc, 0xe5fc, 0xe5fc, 0xe5fc, 0xe5fc, 0x0, 0x0, 0x0, 0x0, 0x0, 0x0, 0x0, 0x0}, v16_half = {0xe5fc, 0xe5fc, 0xe5fc, 0xe5fc, 0xe5fc, 0xe5fc, 0xe5fc, 0xe5fc, 0x0, 0x0, 0x0, 0x0, 0x0, 0x0, 0x0, 0x0}, v8_float = {0xe5fce5fc, 0xe5fce5fc, 0xe5fce5fc, 0xe5fce5fc, 0x0, 0x0, 0x0, 0x0}, v4_double = {0xe5fce5fce5fce5fc, 0xe5fce5fce5fce5fc, 0x0, 0x0}, v32_int8 = {0xfc, 0xe5, 0xfc, 0xe5, 0xfc, 0xe5, 0xfc, 0xe5, 0xfc, 0xe5, 0xfc, 0xe5, 0xfc, 0xe5, 0xfc, 0xe5, 0x0 <repeats 16 times>}, v16_int16 = {0xe5fc, 0xe5fc, 0xe5fc, 0xe5fc, 0xe5fc, 0xe5fc, 0xe5fc, 0xe5fc, 0x0, 0x0, 0x0, 0x0, 0x0, 0x0, 0x0, 0x0}, v8_int32 = {0xe5fce5fc, 0xe5fce5fc, 0xe5fce5fc, 0xe5fce5fc, 0x0, 0x0, 0x0, 0x0}, v4_int64 = {0xe5fce5fce5fce5fc, 0xe5fce5fce5fce5fc, 0x0, 0x0}, v2_int128 = {0xe5fce5fce5fce5fce5fce5fce5fce5fc, 0x0}}
ymm13          {v16_bfloat16 = {0x2543, 0x2543, 0x2543, 0x2543, 0x2543, 0x2543, 0x2543, 0x2543, 0x0, 0x0, 0x0, 0x0, 0x0, 0x0, 0x0, 0x0}, v16_half = {0x2543, 0x2543, 0x2543, 0x2543, 0x2543, 0x2543, 0x2543, 0x2543, 0x0, 0x0, 0x0, 0x0, 0x0, 0x0, 0x0, 0x0}, v8_float = {0x25432543, 0x25432543, 0x25432543, 0x25432543, 0x0, 0x0, 0x0, 0x0}, v4_double = {0x2543254325432543, 0x2543254325432543, 0x0, 0x0}, v32_int8 = {0x43, 0x25, 0x43, 0x25, 0x43, 0x25, 0x43, 0x25, 0x43, 0x25, 0x43, 0x25, 0x43, 0x25, 0x43, 0x25, 0x0 <repeats 16 times>}, v16_int16 = {0x2543, 0x2543, 0x2543, 0x2543, 0x2543, 0x2543, 0x2543, 0x2543, 0x0, 0x0, 0x0, 0x0, 0x0, 0x0, 0x0, 0x0}, v8_int32 = {0x25432543, 0x25432543, 0x25432543, 0x25432543, 0x0, 0x0, 0x0, 0x0}, v4_int64 = {0x2543254325432543, 0x2543254325432543, 0x0, 0x0}, v2_int128 = {0x25432543254325432543254325432543, 0x0}}
ymm14          {v16_bfloat16 = {0x408d, 0x408d, 0x408d, 0x408d, 0x408d, 0x408d, 0x408d, 0x408d, 0x0, 0x0, 0x0, 0x0, 0x0, 0x0, 0x0, 0x0}, v16_half = {0x408d, 0x408d, 0x408d, 0x408d, 0x408d, 0x408d, 0x408d, 0x408d, 0x0, 0x0, 0x0, 0x0, 0x0, 0x0, 0x0, 0x0}, v8_float = {0x408d408d, 0x408d408d, 0x408d408d, 0x408d408d, 0x0, 0x0, 0x0, 0x0}, v4_double = {0x408d408d408d408d, 0x408d408d408d408d, 0x0, 0x0}, v32_int8 = {0x8d, 0x40, 0x8d, 0x40, 0x8d, 0x40, 0x8d, 0x40, 0x8d, 0x40, 0x8d, 0x40, 0x8d, 0x40, 0x8d, 0x40, 0x0 <repeats 16 times>}, v16_int16 = {0x408d, 0x408d, 0x408d, 0x408d, 0x408d, 0x408d, 0x408d, 0x408d, 0x0, 0x0, 0x0, 0x0, 0x0, 0x0, 0x0, 0x0}, v8_int32 = {0x408d408d, 0x408d408d, 0x408d408d, 0x408d408d, 0x0, 0x0, 0x0, 0x0}, v4_int64 = {0x408d408d408d408d, 0x408d408d408d408d, 0x0, 0x0}, v2_int128 = {0x408d408d408d408d408d408d408d408d, 0x0}}
ymm15          {v16_bfloat16 = {0x3313, 0x3313, 0x3313, 0x3313, 0x3313, 0x3313, 0x3313, 0x3313, 0x0, 0x0, 0x0, 0x0, 0x0, 0x0, 0x0, 0x0}, v16_half = {0x3313, 0x3313, 0x3313, 0x3313, 0x3313, 0x3313, 0x3313, 0x3313, 0x0, 0x0, 0x0, 0x0, 0x0, 0x0, 0x0, 0x0}, v8_float = {0x33133313, 0x33133313, 0x33133313, 0x33133313, 0x0, 0x0, 0x0, 0x0}, v4_double = {0x3313331333133313, 0x3313331333133313, 0x0, 0x0}, v32_int8 = {0x13, 0x33, 0x13, 0x33, 0x13, 0x33, 0x13, 0x33, 0x13, 0x33, 0x13, 0x33, 0x13, 0x33, 0x13, 0x33, 0x0 <repeats 16 times>}, v16_int16 = {0x3313, 0x3313, 0x3313, 0x3313, 0x3313, 0x3313, 0x3313, 0x3313, 0x0, 0x0, 0x0, 0x0, 0x0, 0x0, 0x0, 0x0}, v8_int32 = {0x33133313, 0x33133313, 0x33133313, 0x33133313, 0x0, 0x0, 0x0, 0x0}, v4_int64 = {0x3313331333133313, 0x3313331333133313, 0x0, 0x0}, v2_int128 = {0x33133313331333133313331333133313, 0x0}}
```

### Attach a log file

[RPCS3.log.gz](https://github.com/user-attachments/files/18960746/RPCS3.log.gz)

### System configuration

CPU: Intel(R) Xeon(R) CPU E5-2680 v2
GPU: RX 560
OS: ClearLinux

### Other details

lshw output
[hw.txt.gz](https://github.com/user-attachments/files/18960781/hw.txt.gz)

**Comment by MSuih** [comment]
You need to set gdb to ignore SIGSEGV and SIGPIPE as emulator uses these during normal operation.

We have provided a configuration file for these: https://github.com/RPCS3/rpcs3/blob/master/.gdbinit
